C                        TURBO_TYP,"C" FOR A COMPRESSOR,"T" FOR A TURBINE
AXI                      FLO_TYP FOR AXIAL OR MIXED FLOW MACHINE 
   287.000     1.400     GAS PROPERTOES, RGAS, GAMMA 
     0.396   250.417     POIN,  TOIN 
    1                    NUMBER OF STAGES IN THE MACHINE 
M                        CHOICE OF DESIGN POINT RADIUS, HUB, MID or TIP
    5000.000             ROTATION SPEED, RPM 
      80.000             MASS FLOW RATE, FLOWIN. 
A                        INTYPE, TO CHOOSE THE METHOD OF DEFINING THE VELOCITY TRIANGLES
  0.631  0.891  0.739    REACTION, FLOW COEFF., LOADING COEFF.
A                        RADTYPE, TO CHOOSE THE DESIGN POINT RADIUS
       0.385             THE DESIGN POINT RADIUS 
       0.154       0.125 BLADE AXIAL CHORDS IN METRES.
       0.250       0.500 ROW GAP  AND STAGE GAP 
   0.05000   0.05000     BLOCKAGE FACTORS, FBLOCK_LE,  FBLOCK_TE 
       0.939             GUESS OF THE STAGE ISENTROPIC EFFICIENCY
   8.403   6.102         ESTIMATE OF THE FIRST AND SECOND ROW DEVIATION ANGLES
   2.623  -0.812         FIRST AND SECOND ROW INCIDENCE ANGLES
   0.70000               BLADE TWIST OPTION, FRAC_TWIST
n                        BLADE ROTATION OPTION , Y or N
  90.000  90.000         QO ANGLES AT LE  AND TE OF ROW 1 
  90.000  90.000         QO ANGLES AT LE  AND TE OF ROW 2 
n                        DO YOU WANT TO CHANGE THE ANGLES FOR THIS STAGE ? "Y" or "N"
Y                        IS OUTPUT REQUESTED FOR ALL BLADE ROWS ? 
Y    ROTOR No.   1 SET ANSTK = "Y" TO USE THE SAME  BLADE SECTIONS AS THE LAST STAGE
N    STATOR No.  1 SET ANSTK = "Y" TO USE THE SAME  BLADE SECTIONS AS THE LAST STAGE
  0.0600  0.5000         MAX THICKNESS AND ITS LOCATION FOR STATOR  1 SECTION No.  1
  0.0600  0.5000         MAX THICKNESS AND ITS LOCATION FOR STATOR  1 SECTION No.  2
  0.0600  0.5000         MAX THICKNESS AND ITS LOCATION FOR STATOR  1 SECTION No.  3
